  TexturedMesh.cpp
  TexturedEntity.cpp
  Texture.cpp
  StringLib.cpp
  StaticShader.cpp
  Shader.cpp
  Renderer.cpp
d:\github\axle\ffw-axle\ffw-axle\renderer.cpp(26): warning C4018: '<': signed/unsigned mismatch
  MouseHandler.cpp
  MeshEntity.cpp
  Mesh.cpp
  main.cpp
  Loader.cpp
d:\github\axle\ffw-axle\ffw-axle\loader.cpp(218): warning C4244: 'initializing': conversion from 'double' to 'float', possible loss of data
d:\github\axle\ffw-axle\ffw-axle\loader.cpp(257): warning C4244: 'initializing': conversion from 'double' to 'float', possible loss of data
d:\github\axle\ffw-axle\ffw-axle\loader.cpp(353): warning C4018: '<': signed/unsigned mismatch
d:\github\axle\ffw-axle\ffw-axle\loader.cpp(360): warning C4018: '<': signed/unsigned mismatch
  KeyboardHandler.cpp
  InputHandler.cpp
  GamePadHandler.cpp
  Game.cpp
d:\github\axle\ffw-axle\ffw-axle\game.cpp(115): warning C4018: '<': signed/unsigned mismatch
  Exception.cpp
  Entity.cpp
  Camera.cpp
  Generating Code...
LINK : warning LNK4098: defaultlib 'MSVCRT' conflicts with use of other libs; use /NODEFAULTLIB:library
soil.lib(image_DXT.obj) : warning LNK4099: PDB 'vc100.pdb' was not found with 'soil.lib(image_DXT.obj)' or at 'D:\GitHub\Axle\FFW-Axle\Debug\vc100.pdb'; linking object as if no debug info
soil.lib(image_helper.obj) : warning LNK4099: PDB 'vc100.pdb' was not found with 'soil.lib(image_helper.obj)' or at 'D:\GitHub\Axle\FFW-Axle\Debug\vc100.pdb'; linking object as if no debug info
soil.lib(SOIL.obj) : warning LNK4099: PDB 'vc100.pdb' was not found with 'soil.lib(SOIL.obj)' or at 'D:\GitHub\Axle\FFW-Axle\Debug\vc100.pdb'; linking object as if no debug info
soil.lib(stb_image_aug.obj) : warning LNK4099: PDB 'vc100.pdb' was not found with 'soil.lib(stb_image_aug.obj)' or at 'D:\GitHub\Axle\FFW-Axle\Debug\vc100.pdb'; linking object as if no debug info
  FFW-Axle.vcxproj -> D:\GitHub\Axle\FFW-Axle\Debug\FFW-Axle.exe
  FFW-Axle.vcxproj -> D:\GitHub\Axle\FFW-Axle\Debug\FFW-Axle.pdb (Partial PDB)
